<?xml version="1.0" encoding="UTF-8"?>
<!-- Generated by org.testng.reporters.JUnitXMLReporter -->
<testsuite hostname="Dmitriys-MBP-3" name="Default test" tests="6" failures="0" timestamp="5 Feb 2017 00:39:11 GMT" time="77.026" errors="0">
  <testcase name="testNestle1" time="7.924" classname="com.sqa.yt.nestle.NestleTest"/>
  <testcase name="testNestle1" time="7.51" classname="com.sqa.yt.nestle.NestleTest"/>
  <testcase name="testNestle1" time="9.639" classname="com.sqa.yt.nestle.NestleTest"/>
  <testcase name="testNestle1" time="7.776" classname="com.sqa.yt.nestle.NestleTest"/>
  <testcase name="testNestle1" time="7.499" classname="com.sqa.yt.nestle.NestleTest"/>
  <testcase name="testNestle1" time="8.352" classname="com.sqa.yt.nestle.NestleTest"/>
</testsuite> <!-- Default test -->
