<?xml version="1.0" encoding="UTF-8"?>
<!-- Generated by org.testng.reporters.JUnitReportReporter -->
<testsuite hostname="Dmitriys-MBP-3" name="com.sqa.yt.SAPTest" tests="7" failures="0" timestamp="3 Feb 2017 04:27:34 GMT" time="282.817" errors="0">
  <testcase name="testById" time="42.340" classname="com.sqa.yt.SAPTest"/>
  <testcase name="testByTagName" time="7.035" classname="com.sqa.yt.SAPTest"/>
  <testcase name="testByPartialLinkedText" time="10.120" classname="com.sqa.yt.SAPTest"/>
  <testcase name="testByCSS" time="14.206" classname="com.sqa.yt.SAPTest"/>
  <testcase name="testByClassName" time="6.976" classname="com.sqa.yt.SAPTest"/>
  <testcase name="testByLinkText" time="44.997" classname="com.sqa.yt.SAPTest"/>
  <testcase name="testByXPath" time="157.143" classname="com.sqa.yt.SAPTest"/>
</testsuite> <!-- com.sqa.yt.SAPTest -->
