<?xml version="1.0" encoding="UTF-8"?>
<!-- Generated by org.testng.reporters.JUnitReportReporter -->
<testsuite hostname="Dmitriys-MBP-3" name="com.sqa.yt.nestle.NestleTest" tests="6" failures="0" timestamp="5 Feb 2017 00:39:11 GMT" time="76.980" errors="0">
  <testcase name="testNestle1" time="12.299" classname="com.sqa.yt.nestle.NestleTest"/>
  <testcase name="testNestle1" time="12.152" classname="com.sqa.yt.nestle.NestleTest"/>
  <testcase name="testNestle1" time="13.968" classname="com.sqa.yt.nestle.NestleTest"/>
  <testcase name="testNestle1" time="11.926" classname="com.sqa.yt.nestle.NestleTest"/>
  <testcase name="testNestle1" time="14.190" classname="com.sqa.yt.nestle.NestleTest"/>
  <testcase name="testNestle1" time="12.445" classname="com.sqa.yt.nestle.NestleTest"/>
</testsuite> <!-- com.sqa.yt.nestle.NestleTest -->
